"D:/Climbing_System/Fiverr/ClimbingSystem 4.25/Content/AdvancedLocomotionV4/Audio/Footsteps/Concrete_Pivot_01.uasset" 0
"D:/Climbing_System/Fiverr/ClimbingSystem 4.25/Content/AdvancedLocomotionV4/Audio/Footsteps/Concrete_Pivot_02.uasset" 1
"D:/Climbing_System/Fiverr/ClimbingSystem 4.25/Content/AdvancedLocomotionV4/Audio/Footsteps/Concrete_Step_01.uasset" 2
"D:/Climbing_System/Fiverr/ClimbingSystem 4.25/Content/AdvancedLocomotionV4/Audio/Footsteps/Concrete_Step_02.uasset" 3
"D:/Climbing_System/Fiverr/ClimbingSystem 4.25/Content/AdvancedLocomotionV4/Audio/Footsteps/Concrete_Step_03.uasset" 4
"D:/Climbing_System/Fiverr/ClimbingSystem 4.25/Content/AdvancedLocomotionV4/Audio/Footsteps/Concrete_Walk_01.uasset" 5
"D:/Climbing_System/Fiverr/ClimbingSystem 4.25/Content/AdvancedLocomotionV4/Audio/Footsteps/Concrete_Walk_02.uasset" 6
"D:/Climbing_System/Fiverr/ClimbingSystem 4.25/Content/AdvancedLocomotionV4/Audio/Footsteps/Concrete_Walk_03.uasset" 7
"D:/Climbing_System/Fiverr/ClimbingSystem 4.25/Content/AdvancedLocomotionV4/Audio/Footsteps/Concrete_Walk_04.uasset" 8
"../../../Engine/Content/Animation/DefaultAnimCurveCompressionSettings.uasset" 9
"../../../Engine/Content/Functions/Engine_MaterialFunctions01/Opacity/CameraDepthFade.uasset" 10
"../../../Engine/Content/EngineMaterials/T_Default_Material_Grid_M.uasset" 11
"../../../Engine/Content/EngineMaterials/T_Default_Material_Grid_N.uasset" 12
"../../../Engine/Content/EngineMaterials/WorldGridMaterial.uasset" 13
"../../../Engine/Content/ArtTools/RenderToTexture/Meshes/S_1_Unit_Plane.uasset" 14
"../../../Engine/Content/EngineMaterials/DefaultMaterial.uasset" 15
"../../../Engine/Content/BasicShapes/Cone.uasset" 16
"../../../Engine/Content/BasicShapes/Plane.uasset" 17
"../../../Engine/Content/BasicShapes/Sphere.uasset" 18
"../../../Engine/Content/EditorLandscapeResources/DataLayer.uasset" 19
"../../../Engine/Content/EditorMaterials/MAT_Groups_Toggle.uasset" 20
"../../../Engine/Content/EditorMaterials/MAT_Groups_Visibility.uasset" 21
"../../../Engine/Content/EditorMaterials/PreviewShadowIndicator.uasset" 22
"../../../Engine/Content/EditorMaterials/PreviewShadowIndicatorMaterial.uasset" 23
"../../../Engine/Content/EditorMaterials/MatineeGroups/MAT_ColorTrack.uasset" 24
"../../../Engine/Content/EditorMaterials/MatineeGroups/MAT_Groups_Anim.uasset" 25
"../../../Engine/Content/EditorMaterials/MatineeGroups/MAT_Groups_AudioMaster.uasset" 26
"../../../Engine/Content/EditorMaterials/MatineeGroups/MAT_Groups_Director.uasset" 27
"../../../Engine/Content/EditorMaterials/MatineeGroups/MAT_Groups_Event.uasset" 28
"../../../Engine/Content/EditorMaterials/MatineeGroups/MAT_Groups_Fade.uasset" 29
"../../../Engine/Content/EditorMaterials/MatineeGroups/MAT_Groups_Float.uasset" 30
"../../../Engine/Content/EditorMaterials/MatineeGroups/MAT_Groups_Move.uasset" 31
"../../../Engine/Content/EditorMaterials/MatineeGroups/MAT_Groups_Slomo.uasset" 32
"../../../Engine/Content/EditorMaterials/MatineeGroups/MAT_Groups_Sound.uasset" 33
"../../../Engine/Content/EditorMaterials/MatineeGroups/MAT_Groups_Vector.uasset" 34
"../../../Engine/Content/EditorMaterials/ParticleSystems/PSysThumbnail_NoImage.uasset" 35
"../../../Engine/Content/EditorMaterials/ParticleSystems/PSysThumbnail_OOD.uasset" 36
"../../../Engine/Content/EditorMaterials/Camera/CineMat.uasset" 37
"../../../Engine/Content/EditorMaterials/Camera/MI_CineMat_Rig.uasset" 38
"../../../Engine/Content/EditorMeshes/Camera/SM_CraneRig_Arm.uasset" 39
"../../../Engine/Content/EditorMeshes/Camera/SM_CraneRig_Base.uasset" 40
"../../../Engine/Content/EditorMeshes/Camera/SM_CraneRig_Body.uasset" 41
"../../../Engine/Content/EditorMeshes/Camera/SM_CraneRig_Mount.uasset" 42
"../../../Engine/Content/EditorMeshes/Camera/SM_RailRig_Mount.uasset" 43
"../../../Engine/Content/EditorMeshes/Camera/SM_RailRig_Track.uasset" 44
"../../../Engine/Content/EditorResources/BSPVertex.uasset" 45
"../../../Engine/Content/EditorResources/EmptyActor.uasset" 46
"../../../Engine/Content/EditorResources/S_Actor.uasset" 47
"../../../Engine/Content/EditorResources/S_Note.uasset" 48
"../../../Engine/Content/EditorResources/S_Solver.uasset" 49
"../../../Engine/Content/EditorResources/S_Trigger.uasset" 50
"../../../Engine/Content/EditorResources/AudioIcons/S_AudioComponent_AutoActivate.uasset" 51
"../../../Engine/Content/EditorResources/LightIcons/S_LightError.uasset" 52
"../../../Engine/Content/EditorResources/SequenceRecorder/Countdown.uasset" 53
"../../../Engine/Content/EditorResources/SequenceRecorder/RecordingIndicator.uasset" 54
"../../../Engine/Content/EditorSounds/Notifications/CompileFailed.uasset" 55
"../../../Engine/Content/EditorSounds/Notifications/CompileFailed_Cue.uasset" 56
"../../../Engine/Content/EditorSounds/Notifications/CompileSuccess.uasset" 57
"../../../Engine/Content/EditorSounds/Notifications/CompileStart_Cue.uasset" 58
"../../../Engine/Content/EditorSounds/Notifications/CompileSuccess_Cue.uasset" 59
"../../../Engine/Content/EngineDamageTypes/DmgTypeBP_Environmental.uasset" 60
"../../../Engine/Content/EngineDebugMaterials/DebugEditorMaterial.uasset" 61
"../../../Engine/Content/EngineDebugMaterials/DebugMeshMaterial.uasset" 62
"../../../Engine/Content/EngineDebugMaterials/M_SimpleUnlitTranslucent.uasset" 63
"../../../Engine/Content/Functions/Engine_MaterialFunctions02/Utility/CameraDirectionVector.uasset" 64
"../../../Engine/Content/EngineDebugMaterials/VolumeToRender.uasset" 65
"../../../Engine/Content/EngineDebugMaterials/M_VolumeRenderSphereTracePP.uasset" 66
"../../../Engine/Content/EngineDebugMaterials/WireframeMaterial.uasset" 67
"../../../Engine/Content/EngineFonts/Faces/DroidSansFallback.uasset" 68
"../../../Engine/Content/EngineFonts/Faces/RobotoBold.uasset" 69
"../../../Engine/Content/EngineFonts/Faces/RobotoBoldItalic.uasset" 70
"../../../Engine/Content/EngineFonts/Faces/RobotoItalic.uasset" 71
"../../../Engine/Content/EngineFonts/Faces/RobotoLight.uasset" 72
"../../../Engine/Content/EngineFonts/Faces/RobotoRegular.uasset" 73
"../../../Engine/Content/EngineFonts/Roboto.uasset" 74
"../../../Engine/Content/EngineMaterials/BaseFlattenDiffuseMap.uasset" 75
"../../../Engine/Content/EngineMaterials/BaseFlattenEmissiveMap.uasset" 76
"../../../Engine/Content/EngineMaterials/BaseFlattenGrayscaleMap.uasset" 77
"../../../Engine/Content/EngineMaterials/BaseFlattenNormalMap.uasset" 78
"../../../Engine/Content/EngineMaterials/BaseFlattenMaterial.uasset" 79
"../../../Engine/Content/EngineMaterials/BlueNoise.uasset" 80
"../../../Engine/Content/EngineMaterials/DefaultBloomKernel.uasset" 81
"../../../Engine/Content/EngineMaterials/DefaultBokeh.uasset" 82
"../../../Engine/Content/EngineMaterials/DefaultDiffuse.uasset" 83
"../../../Engine/Content/EngineMaterials/DefaultDeferredDecalMaterial.uasset" 84
"../../../Engine/Content/EngineMaterials/DefaultLightFunctionMaterial.uasset" 85
"../../../Engine/Content/Functions/Engine_MaterialFunctions02/Utility/BreakOutFloat2Components.uasset" 86
"../../../Engine/Content/EngineMaterials/DefaultPostProcessMaterial.uasset" 87
"../../../Engine/Content/EngineFonts/RobotoDistanceField.uasset" 88
"../../../Engine/Content/EngineMaterials/DefaultTextMaterialOpaque.uasset" 89
"../../../Engine/Content/EngineMaterials/DefaultWhiteGrid.uasset" 90
"../../../Engine/Content/EngineMaterials/DefaultWhiteGrid_Low.uasset" 91
"../../../Engine/Content/EngineMaterials/EmissiveMeshMaterial.uasset" 92
"../../../Engine/Content/EngineMaterials/GizmoMaterial.uasset" 93
"../../../Engine/Content/EngineMaterials/Good64x64TilingNoiseHighFreq.uasset" 94
"../../../Engine/Content/EngineMaterials/MiniFont.uasset" 95
"../../../Engine/Content/EngineMaterials/InvalidLightmapSettings.uasset" 96
"../../../Engine/Content/EngineMaterials/M_InvalidLightmapSettings.uasset" 97
"../../../Engine/Content/Functions/Engine_MaterialFunctions02/WorldPositionOffset/CameraOffset.uasset" 98
"../../../Engine/Content/EngineMaterials/PhAT_JointLimitMaterial.uasset" 99
"../../../Engine/Content/EngineMaterials/PreintegratedSkinBRDF.uasset" 100
"../../../Engine/Content/EngineMaterials/RemoveSurfaceMaterial.uasset" 101
"../../../Engine/Content/EngineMaterials/WeightMapPlaceholderTexture.uasset" 102
"../../../Engine/Content/EngineResources/WhiteSquareTexture.uasset" 103
"../../../Engine/Content/EngineMaterials/Widget3DPassThrough.uasset" 104
"../../../Engine/Content/EngineMaterials/Widget3DPassThrough_Masked.uasset" 105
"../../../Engine/Content/EngineMaterials/Widget3DPassThrough_Opaque.uasset" 106
"../../../Engine/Content/EngineMaterials/Widget3DPassThrough_Masked_OneSided.uasset" 107
"../../../Engine/Content/EngineMaterials/Widget3DPassThrough_Opaque_OneSided.uasset" 108
"../../../Engine/Content/EngineMaterials/Widget3DPassThrough_Translucent.uasset" 109
"../../../Engine/Content/EngineMaterials/Widget3DPassThrough_Translucent_OneSided.uasset" 110
"../../../Engine/Content/EngineMeshes/Cylinder.uasset" 111
"../../../Engine/Content/EngineMeshes/Sphere.uasset" 112
"../../../Engine/Content/EngineResources/Black.uasset" 113
"../../../Engine/Content/EngineResources/DefaultTexture.uasset" 114
"../../../Engine/Content/EngineResources/DefaultTextureCube.uasset" 115
"../../../Engine/Content/EngineResources/DefaultVolumeTexture2D.uasset" 116
"../../../Engine/Content/EngineResources/DefaultVolumeTexture.uasset" 117
"../../../Engine/Content/EngineResources/GradientTexture0.uasset" 118
"../../../Engine/Content/EngineSounds/Master.uasset" 119
"../../../Engine/Content/Functions/Engine_MaterialFunctions01/Shading/ConvertFromDiffSpec.uasset" 120
"../../../Engine/Content/Functions/Engine_MaterialFunctions01/Shading/PowerToRoughness.uasset" 121
"../../../Engine/Content/Maps/Templates/Thumbnails/Default.uasset" 122
"../../../Engine/Content/Maps/Templates/Thumbnails/TimeOfDay.uasset" 123
"../../../Engine/Content/Maps/Templates/Thumbnails/VR-Basic.uasset" 124
"../../../Engine/Content/MobileResources/T_MobileControls_texture.uasset" 125
"../../../Engine/Content/MobileResources/T_MobileMenu2.uasset" 126
"../../../Engine/Content/MobileResources/HUD/AnalogHat.uasset" 127
"../../../Engine/Content/MobileResources/HUD/VirtualJoystick_Background.uasset" 128
"../../../Engine/Content/MobileResources/HUD/VirtualJoystick_Thumb.uasset" 129
"../../../Engine/Content/MobileResources/HUD/DefaultVirtualJoysticks.uasset" 130
"../../../Engine/Content/MobileResources/HUD/LeftVirtualJoystickOnly.uasset" 131
"../../../Engine/Content/MobileResources/HUD/MobileHUDButton1_off.uasset" 132
"../../../Engine/Content/MobileResources/HUD/MobileHUDButton1_on.uasset" 133
"../../../Engine/Content/MobileResources/HUD/MobileHUDButton2_off.uasset" 134
"../../../Engine/Content/MobileResources/HUD/MobileHUDButton2_on.uasset" 135
"../../../Engine/Content/MobileResources/HUD/MobileHUDButton3.uasset" 136
"../../../Engine/Content/MobileResources/HUD/MobileHUDButtonFire.uasset" 137
"../../../Engine/Content/MobileResources/HUD/MobileHUDDirectionPad.uasset" 138
"../../../Engine/Content/MobileResources/HUD/MobileHUDDirectionPad2.uasset" 139
"../../../Engine/Content/MobileResources/HUD/MobileHUDDirectionPad3.uasset" 140
"../../../Engine/Content/MobileResources/HUD/MobileHUDDirectionStick.uasset" 141
"../../../Engine/Content/MobileResources/HUD/T_Castle_ThumbstickInner.uasset" 142
"../../../Engine/Content/MobileResources/HUD/T_Castle_ThumbstickOutter.uasset" 143
"../../../Engine/Content/Tutorial/ContentIntroCurve.uasset" 144
"../../../Engine/Content/Tutorial/Basics/LevelEditorAttract.uasset" 145
"../../../Engine/Content/Tutorial/BlueprintTutorials/TutorialAssets/Blueprint_64x.uasset" 146
"../../../Engine/Content/Tutorial/BlueprintTutorials/BlueprintEditorTutorial.uasset" 147
"../../../Engine/Content/Tutorial/Installation/InstallingVisualStudioTutorial.uasset" 148
"../../../Engine/Content/VREditor/LaserPointer/VR_LaserPower_01.uasset" 149
"../../../Engine/Content/VREditor/TransformGizmo/TransformGizmoMaterial.uasset" 150
"../../../Engine/Content/VREditor/TransformGizmo/TranslucentTransformGizmoMaterial.uasset" 151
"../../../Engine/Content/VREditor/TransformGizmo/BoundingBoxCorner.uasset" 152
"../../../Engine/Content/VREditor/TransformGizmo/BoundingBoxEdge.uasset" 153
"../../../Engine/Content/VREditor/TransformGizmo/PlaneTranslationHandle.uasset" 154
"../../../Engine/Content/VREditor/TransformGizmo/Main.uasset" 155
"../../../Engine/Content/VREditor/TransformGizmo/Xray.uasset" 156
"../../../Engine/Content/VREditor/TransformGizmo/SM_Sequencer_Key.uasset" 157
"../../../Engine/Content/VREditor/TransformGizmo/SM_Sequencer_Node.uasset" 158
"../../Plugins/2D/Paper2D/Content/PlaceholderTextures/DummySpriteTexture.uasset" 159
"../../Plugins/2D/Paper2D/Content/DummySprite.uasset" 160
"../../Plugins/2D/Paper2D/Content/DefaultPaperTerrainMaterial.uasset" 161
"../../Plugins/2D/Paper2D/Content/DefaultSpriteMaterial.uasset" 162
"../../Plugins/2D/Paper2D/Content/MaskedUnlitSpriteMaterial.uasset" 163
"../../Plugins/2D/Paper2D/Content/OpaqueUnlitSpriteMaterial.uasset" 164
"../../Plugins/FX/Niagara/Content/Enums/ENiagaraBooleanLogicOps.uasset" 165
"../../Plugins/FX/Niagara/Content/Enums/ENiagaraCoordinateSpace.uasset" 166
"../../Plugins/FX/Niagara/Content/Enums/ENiagaraExpansionMode.uasset" 167
"../../Plugins/FX/Niagara/Content/Enums/ENiagaraOrientationAxis.uasset" 168
"../../Plugins/FX/Niagara/Content/Enums/ENiagaraRandomnessMode.uasset" 169
"../../../Engine/Content/Functions/Engine_MaterialFunctions02/Utility/BreakOutFloat4Components.uasset" 170
"../../../Engine/Content/Functions/Engine_MaterialFunctions02/Utility/MakeFloat2.uasset" 171
"../../../Engine/Content/Functions/Engine_MaterialFunctions02/Utility/MakeFloat3.uasset" 172
"../../Plugins/Runtime/Oculus/OculusVR/Content/Materials/OculusMR_ChromaKey.uasset" 173
"../../Plugins/Runtime/Oculus/OculusVR/Content/Materials/OculusMR_ChromaKey_Lit.uasset" 174
"../../Plugins/Runtime/Oculus/OculusVR/Content/Materials/OculusMR_OpaqueColoredMaterial.uasset" 175
"../../Plugins/Runtime/Oculus/OculusVR/Content/Materials/OculusMR_WhiteMaterial.uasset" 176
"../../../Engine/Content/EditorBlueprintResources/StandardMacros.uasset" 177
"D:/Climbing_System/Fiverr/ClimbingSystem 4.25/Content/AdvancedLocomotionV4/Data/Structs/ALS_ComponentAndTransform.uasset" 178
"D:/Climbing_System/Fiverr/ClimbingSystem 4.25/Content/AdvancedLocomotionV4/Blueprints/Libraries/ALS_MacroLibrary.uasset" 179
"D:/Climbing_System/Fiverr/ClimbingSystem 4.25/Content/AdvancedLocomotionV4/Blueprints/CharacterLogic/AI/ALS_BB_AICharacter.uasset" 180
"D:/Climbing_System/Fiverr/ClimbingSystem 4.25/Content/AdvancedLocomotionV4/Blueprints/CharacterLogic/AI/ALS_BTTask_GetRandomLocation.uasset" 181
"D:/Climbing_System/Fiverr/ClimbingSystem 4.25/Content/AdvancedLocomotionV4/Blueprints/CharacterLogic/AI/ALS_BTTask_SetFocus.uasset" 182
"D:/Climbing_System/Fiverr/ClimbingSystem 4.25/Content/AdvancedLocomotionV4/Blueprints/CharacterLogic/AI/ALS_BT_AICharacter.uasset" 183
"D:/Climbing_System/Fiverr/ClimbingSystem 4.25/Content/AdvancedLocomotionV4/Blueprints/CharacterLogic/AI/ALS_AI_Controller.uasset" 184
"D:/Climbing_System/Fiverr/ClimbingSystem 4.25/Content/AdvancedLocomotionV4/Data/Enums/GroundedEntryState.uasset" 185
"D:/Climbing_System/Fiverr/ClimbingSystem 4.25/Content/AdvancedLocomotionV4/Blueprints/Interfaces/ALS_Animation_BPI.uasset" 186
"D:/Climbing_System/Fiverr/ClimbingSystem 4.25/Content/AdvancedLocomotionV4/Blueprints/Interfaces/ALS_Camera_BPI.uasset" 187
"D:/Climbing_System/Fiverr/ClimbingSystem 4.25/Content/AdvancedLocomotionV4/Data/Enums/ALS_Gait.uasset" 188
"D:/Climbing_System/Fiverr/ClimbingSystem 4.25/Content/AdvancedLocomotionV4/Data/Enums/ALS_MovementAction.uasset" 189
"D:/Climbing_System/Fiverr/ClimbingSystem 4.25/Content/AdvancedLocomotionV4/Data/Enums/ALS_MovementState.uasset" 190
"D:/Climbing_System/Fiverr/ClimbingSystem 4.25/Content/AdvancedLocomotionV4/Data/Enums/ALS_OverlayState.uasset" 191
"D:/Climbing_System/Fiverr/ClimbingSystem 4.25/Content/AdvancedLocomotionV4/Data/Enums/ALS_RotationMode.uasset" 192
"D:/Climbing_System/Fiverr/ClimbingSystem 4.25/Content/AdvancedLocomotionV4/Data/Enums/ALS_Stance.uasset" 193
"D:/Climbing_System/Fiverr/ClimbingSystem 4.25/Content/AdvancedLocomotionV4/Data/Enums/ALS_ViewMode.uasset" 194
"D:/Climbing_System/Fiverr/ClimbingSystem 4.25/Content/AdvancedLocomotionV4/Blueprints/Interfaces/ALS_Character_BPI.uasset" 195
"D:/Climbing_System/Fiverr/ClimbingSystem 4.25/Content/AdvancedLocomotionV4/Blueprints/Interfaces/ALS_Controller_BPI.uasset" 196
"D:/Climbing_System/Fiverr/ClimbingSystem 4.25/Content/AdvancedLocomotionV4/Data/Curves/CharacterMovementCurves/NormalMovement.uasset" 197
"D:/Climbing_System/Fiverr/ClimbingSystem 4.25/Content/AdvancedLocomotionV4/Data/Curves/MantleCurves/Mantle_1m.uasset" 198
"D:/Climbing_System/Fiverr/ClimbingSystem 4.25/Content/AdvancedLocomotionV4/Data/Curves/MantleCurves/Mantle_2m.uasset" 199
"D:/Climbing_System/Fiverr/ClimbingSystem 4.25/Content/AdvancedLocomotionV4/Data/Curves/CharacterMovementCurves/NormalRotation.uasset" 200
"D:/Climbing_System/Fiverr/ClimbingSystem 4.25/Content/AdvancedLocomotionV4/Data/Curves/CharacterMovementCurves/ResponsiveRotation.uasset" 201
"D:/Climbing_System/Fiverr/ClimbingSystem 4.25/Content/AdvancedLocomotionV4/Data/Curves/CharacterMovementCurves/SluggishRotation.uasset" 202
"D:/Climbing_System/Fiverr/ClimbingSystem 4.25/Content/AdvancedLocomotionV4/Data/Curves/CharacterMovementCurves/ResponsiveMovement.uasset" 203
"D:/Climbing_System/Fiverr/ClimbingSystem 4.25/Content/AdvancedLocomotionV4/Data/Curves/CharacterMovementCurves/SluggishMovement.uasset" 204
"D:/Climbing_System/Fiverr/ClimbingSystem 4.25/Content/AdvancedLocomotionV4/Data/Structs/MovementSettings.uasset" 205
"D:/Climbing_System/Fiverr/ClimbingSystem 4.25/Content/AdvancedLocomotionV4/Data/Structs/MovementSettings_Stance.uasset" 206
"D:/Climbing_System/Fiverr/ClimbingSystem 4.25/Content/AdvancedLocomotionV4/Data/Structs/MovementSettings_State.uasset" 207
"D:/Climbing_System/Fiverr/ClimbingSystem 4.25/Content/AdvancedLocomotionV4/Data/DataTables/MovementModelTable.uasset" 208
"D:/Climbing_System/Fiverr/ClimbingSystem 4.25/Content/AdvancedLocomotionV4/CharacterAssets/MannequinSkeleton/Materials/M_AnimMan_Default.uasset" 209
"D:/Climbing_System/Fiverr/ClimbingSystem 4.25/Content/AdvancedLocomotionV4/CharacterAssets/MannequinSkeleton/Materials/M_AnimMan_Eyes.uasset" 210
"../../../Engine/Content/EngineMeshes/Humanoid.uasset" 211
"D:/Climbing_System/Fiverr/ClimbingSystem 4.25/Content/AdvancedLocomotionV4/CharacterAssets/MannequinSkeleton/ALS_Mannequin_Skeleton.uasset" 212
"D:/Climbing_System/Fiverr/ClimbingSystem 4.25/Content/AdvancedLocomotionV4/CharacterAssets/MannequinSkeleton/Meshes/Proxy.uasset" 213
"D:/Climbing_System/Fiverr/ClimbingSystem 4.25/Content/AdvancedLocomotionV4/Data/Enums/MantleType.uasset" 214
"D:/Climbing_System/Fiverr/ClimbingSystem 4.25/Content/AdvancedLocomotionV4/Data/Structs/Mantle_Asset.uasset" 215
"D:/Climbing_System/Fiverr/ClimbingSystem 4.25/Content/AdvancedLocomotionV4/Data/Structs/Mantle_Params.uasset" 216
"D:/Climbing_System/Fiverr/ClimbingSystem 4.25/Content/AdvancedLocomotionV4/Data/Structs/Mantle_TraceSettings.uasset" 217
"D:/Climbing_System/Fiverr/ClimbingSystem 4.25/Content/AdvancedLocomotionV4/Blueprints/CharacterLogic/ALS_Base_CharacterBP.uasset" 218
"../../../Engine/Content/Animation/DefaultAnimBoneCompressionSettings.uasset" 219
"D:/Climbing_System/Fiverr/ClimbingSystem 4.25/Content/Climbing_System/Anims/Bar/UE4M_Bar_Corner_Inside_L_Anim.uasset" 220
"D:/Climbing_System/Fiverr/ClimbingSystem 4.25/Content/Climbing_System/Anims/Bar/UE4M_Bar_Corner_Inside_R_Anim.uasset" 221
"D:/Climbing_System/Fiverr/ClimbingSystem 4.25/Content/Climbing_System/Anims/Bar/UE4M_Bar_Corner_Outside_L_Anim.uasset" 222
"D:/Climbing_System/Fiverr/ClimbingSystem 4.25/Content/Climbing_System/Anims/Bar/UE4M_Bar_Corner_Outside_R_Anim.uasset" 223
"D:/Climbing_System/Fiverr/ClimbingSystem 4.25/Content/Climbing_System/Anims/Bar/UE4M_Bar_idle_2_Grab_Anim1.uasset" 224
"D:/Climbing_System/Fiverr/ClimbingSystem 4.25/Content/Climbing_System/Anims/Bar/UE4M_Bar_Turn_Anim.uasset" 225
"D:/Climbing_System/Fiverr/ClimbingSystem 4.25/Content/Climbing_System/Anims/Corners/UE4M_Obstacle_Corner_Outside_L_Anim.uasset" 226
"D:/Climbing_System/Fiverr/ClimbingSystem 4.25/Content/Climbing_System/Anims/Corners/UE4M_Obstacle_Corner_Outside_R_Anim.uasset" 227
"D:/Climbing_System/Fiverr/ClimbingSystem 4.25/Content/Climbing_System/New_Animations/Char_climb_hang_idle1.uasset" 228
"D:/Climbing_System/Fiverr/ClimbingSystem 4.25/Content/Climbing_System/New_Animations/Char_jump_trans_to_climb_hang_idle.uasset" 229
"D:/Climbing_System/Fiverr/ClimbingSystem 4.25/Content/Climbing_System/New_Animations/Corner/Char_climb_shimmy_corner_inner_left_wo_RootMotion.uasset" 230
"D:/Climbing_System/Fiverr/ClimbingSystem 4.25/Content/Climbing_System/New_Animations/Corner/Char_climb_shimmy_corner_inner_right_wo_RootMotion.uasset" 231
"D:/Climbing_System/Fiverr/ClimbingSystem 4.25/Content/Climbing_System/New_Animations/Freehang/UE4M_Bar_Idle_Anim_Closed.uasset" 232
"D:/Climbing_System/Fiverr/ClimbingSystem 4.25/Content/Climbing_System/New_Animations/Leap/Char_climb_leap_back_left_to_ledge.uasset" 233
"D:/Climbing_System/Fiverr/ClimbingSystem 4.25/Content/Climbing_System/New_Animations/Leap/Char_climb_leap_back_Right_to_ledge.uasset" 234
"D:/Climbing_System/Fiverr/ClimbingSystem 4.25/Content/Climbing_System/New_Animations/Leap/Char_climb_leap_back_to_ledge_reach_loop.uasset" 235
"D:/Climbing_System/Fiverr/ClimbingSystem 4.25/Content/Climbing_System/New_Animations/Leap/Char_climb_leap_back_to_ledge_reach_loop_Right.uasset" 236
"D:/Climbing_System/Fiverr/ClimbingSystem 4.25/Content/Climbing_System/New_Animations/Climb_Shimmy/Char_climb_hang_idle_Shimmy_R.uasset" 237
"D:/Climbing_System/Fiverr/ClimbingSystem 4.25/Content/Climbing_System/New_Animations/Climb_Shimmy/Char_climb_shimmy_long_r_down.uasset" 238
"D:/Climbing_System/Fiverr/ClimbingSystem 4.25/Content/Climbing_System/New_Animations/Climb_Shimmy/Char_climb_shimmy_long_r_right.uasset" 239
"D:/Climbing_System/Fiverr/ClimbingSystem 4.25/Content/Climbing_System/New_Animations/Climb_Shimmy/Char_climb_shimmy_long_r_up.uasset" 240
"D:/Climbing_System/Fiverr/ClimbingSystem 4.25/Content/Climbing_System/New_Animations/Climb_Shimmy/Char_climb_shimmy_short_r_down.uasset" 241
"D:/Climbing_System/Fiverr/ClimbingSystem 4.25/Content/Climbing_System/New_Animations/Climb_Shimmy/Char_climb_shimmy_short_r_right.uasset" 242
"D:/Climbing_System/Fiverr/ClimbingSystem 4.25/Content/Climbing_System/New_Animations/Climb_Shimmy/Char_climb_shimmy_short_r_up.uasset" 243
"D:/Climbing_System/Fiverr/ClimbingSystem 4.25/Content/Climbing_System/Climb_To_Ledge/Climb_To_Ledge_Blendspace.uasset" 244
"D:/Climbing_System/Fiverr/ClimbingSystem 4.25/Content/Climbing_System/New_Animations/Freehang/MD_Climb_-0_35_V4_Freehang_Closed.uasset" 245
"D:/Climbing_System/Fiverr/ClimbingSystem 4.25/Content/Climbing_System/New_Animations/Freehang/MD_Climb_-0_70_V4_Freehang_Closed.uasset" 246
"D:/Climbing_System/Fiverr/ClimbingSystem 4.25/Content/Climbing_System/New_Animations/Freehang/MD_Climb_-180_35_V4_Freehang_Closed.uasset" 247
"D:/Climbing_System/Fiverr/ClimbingSystem 4.25/Content/Climbing_System/New_Animations/Freehang/MD_Climb_-180_70_V4_Freehang_Closed.uasset" 248
"D:/Climbing_System/Fiverr/ClimbingSystem 4.25/Content/Climbing_System/New_Animations/Freehang/MD_Climb_-90_35_V4_Closed_Freehang_Closed.uasset" 249
"D:/Climbing_System/Fiverr/ClimbingSystem 4.25/Content/Climbing_System/New_Animations/Freehang/MD_Climb_-90_70_V4_Closed_Freehang.uasset" 250
"D:/Climbing_System/Fiverr/ClimbingSystem 4.25/Content/Climbing_System/Climb_To_Ledge/Climb_To_Ledge_Freehang_Blendspace_L.uasset" 251
"D:/Climbing_System/Fiverr/ClimbingSystem 4.25/Content/Climbing_System/New_Animations/Freehang/MD_Climb_0_35_V4_Freehang_Closed.uasset" 252
"D:/Climbing_System/Fiverr/ClimbingSystem 4.25/Content/Climbing_System/New_Animations/Freehang/MD_Climb_0_70_V4_Freehang_Closed.uasset" 253
"D:/Climbing_System/Fiverr/ClimbingSystem 4.25/Content/Climbing_System/New_Animations/Freehang/MD_Climb_180_35_V4_Freehang_Closed.uasset" 254
"D:/Climbing_System/Fiverr/ClimbingSystem 4.25/Content/Climbing_System/New_Animations/Freehang/MD_Climb_180_70_V4_Freehang_Closed.uasset" 255
"D:/Climbing_System/Fiverr/ClimbingSystem 4.25/Content/Climbing_System/New_Animations/Freehang/MD_Climb_90_35_V4_Closed_Freehang_Closed.uasset" 256
"D:/Climbing_System/Fiverr/ClimbingSystem 4.25/Content/Climbing_System/New_Animations/Freehang/MD_Climb_90_70_V4_Closed_Freehang.uasset" 257
"D:/Climbing_System/Fiverr/ClimbingSystem 4.25/Content/Climbing_System/Climb_To_Ledge/Climb_To_Ledge_Freehang_Blendspace_R.uasset" 258
"D:/Climbing_System/Fiverr/ClimbingSystem 4.25/Content/Climbing_System/New_Animations/Climb_Shimmy/Char_climb_hang_idle_Shimmy.uasset" 259
"D:/Climbing_System/Fiverr/ClimbingSystem 4.25/Content/Climbing_System/New_Animations/Climb_Shimmy/Char_climb_shimmy_long_l_down.uasset" 260
"D:/Climbing_System/Fiverr/ClimbingSystem 4.25/Content/Climbing_System/New_Animations/Climb_Shimmy/Char_climb_shimmy_long_l_left.uasset" 261
"D:/Climbing_System/Fiverr/ClimbingSystem 4.25/Content/Climbing_System/New_Animations/Climb_Shimmy/Char_climb_shimmy_long_l_up.uasset" 262
"D:/Climbing_System/Fiverr/ClimbingSystem 4.25/Content/Climbing_System/New_Animations/Climb_Shimmy/Char_climb_shimmy_short_l_down.uasset" 263
"D:/Climbing_System/Fiverr/ClimbingSystem 4.25/Content/Climbing_System/New_Animations/Climb_Shimmy/Char_climb_shimmy_short_l_left.uasset" 264
"D:/Climbing_System/Fiverr/ClimbingSystem 4.25/Content/Climbing_System/New_Animations/Climb_Shimmy/Char_climb_shimmy_short_l_up.uasset" 265
"D:/Climbing_System/Fiverr/ClimbingSystem 4.25/Content/Climbing_System/Climb_To_Ledge/Climb_To_Ledge_Left_02_Blendspace.uasset" 266
"D:/Climbing_System/Fiverr/ClimbingSystem 4.25/Content/Climbing_System/Climb_To_Ledge/Climb_To_Ledge_Left_Blendspace1.uasset" 267
"D:/Climbing_System/Fiverr/ClimbingSystem 4.25/Content/Climbing_System/New_Animations/Climb_Shimmy/Char_climb_shimmy_long_r_right_02.uasset" 268
"D:/Climbing_System/Fiverr/ClimbingSystem 4.25/Content/Climbing_System/Climb_To_Ledge/Climb_To_Ledge_R_02Blendspace.uasset" 269
"D:/Climbing_System/Fiverr/ClimbingSystem 4.25/Content/Climbing_System/New_Animations/Char_climb_hang_idle0.uasset" 270
"D:/Climbing_System/Fiverr/ClimbingSystem 4.25/Content/Climbing_System/New_Animations/Leap/Char_climb_leap_down_to_ledge_V4.uasset" 271
"D:/Climbing_System/Fiverr/ClimbingSystem 4.25/Content/Climbing_System/New_Animations/Leap/Char_climb_leap_left_to_ledge_V4.uasset" 272
"D:/Climbing_System/Fiverr/ClimbingSystem 4.25/Content/Climbing_System/New_Animations/Leap/Char_climb_leap_up_to_ledge_V4.uasset" 273
"D:/Climbing_System/Fiverr/ClimbingSystem 4.25/Content/Climbing_System/New_Animations/Leap/Leap_to_Ledge_L_Blendspace.uasset" 274
"D:/Climbing_System/Fiverr/ClimbingSystem 4.25/Content/Climbing_System/New_Animations/Leap/Char_climb_hang_idle_Leap.uasset" 275
"D:/Climbing_System/Fiverr/ClimbingSystem 4.25/Content/Climbing_System/New_Animations/Leap/Char_climb_leap_right_to_ledge_V4.uasset" 276
"D:/Climbing_System/Fiverr/ClimbingSystem 4.25/Content/Climbing_System/New_Animations/Leap/Leap_to_Ledge_R_Blendspace.uasset" 277
"D:/Climbing_System/Fiverr/ClimbingSystem 4.25/Content/Climbing_System/Anims/Idle_Move/UE4M_WallPoints_Idle_Anim.uasset" 278
"D:/Climbing_System/Fiverr/ClimbingSystem 4.25/Content/Climbing_System/New_Animations/Leap/Char_climb_leap_down_to_ledge_reach_loop.uasset" 279
"D:/Climbing_System/Fiverr/ClimbingSystem 4.25/Content/Climbing_System/New_Animations/Leap/Char_climb_leap_left_to_ledge_reach_loop.uasset" 280
"D:/Climbing_System/Fiverr/ClimbingSystem 4.25/Content/Climbing_System/New_Animations/Leap/Char_climb_leap_up_to_ledge_reach_loop_Left.uasset" 281
"D:/Climbing_System/Fiverr/ClimbingSystem 4.25/Content/Climbing_System/New_Animations/Leap/Reach_L_Blendspace_New.uasset" 282
"D:/Climbing_System/Fiverr/ClimbingSystem 4.25/Content/Climbing_System/New_Animations/Leap/Char_climb_leap_right_to_ledge_reach_loop.uasset" 283
"D:/Climbing_System/Fiverr/ClimbingSystem 4.25/Content/Climbing_System/New_Animations/Leap/Char_climb_leap_up_to_ledge_reach_loop.uasset" 284
"D:/Climbing_System/Fiverr/ClimbingSystem 4.25/Content/Climbing_System/New_Animations/Leap/Reach_R_Blendspace_New.uasset" 285
"D:/Climbing_System/Fiverr/ClimbingSystem 4.25/Content/Climbing_System/New_Animations/Move/Move_Left.uasset" 286
"D:/Climbing_System/Fiverr/ClimbingSystem 4.25/Content/Climbing_System/New_Animations/Move/Move_Right1.uasset" 287
"D:/Climbing_System/Fiverr/ClimbingSystem 4.25/Content/Climbing_System/Move/Move_Right_Left.uasset" 288
"D:/Climbing_System/Fiverr/ClimbingSystem 4.25/Content/Climbing_System/New_Animations/Freehang/MD_Move_L_Freehang_V4.uasset" 289
"D:/Climbing_System/Fiverr/ClimbingSystem 4.25/Content/Climbing_System/New_Animations/Freehang/MD_Move_R_Freehang_New.uasset" 290
"D:/Climbing_System/Fiverr/ClimbingSystem 4.25/Content/Climbing_System/New_Animations/Freehang/MD_Move_R_Freehang_V4.uasset" 291
"D:/Climbing_System/Fiverr/ClimbingSystem 4.25/Content/Climbing_System/New_Animations/Freehang/Move_Right_Left_Freehang_New.uasset" 292
"D:/Climbing_System/Fiverr/ClimbingSystem 4.25/Content/Climbing_System/LedgeClimbing_BPI.uasset" 293
"D:/Climbing_System/Fiverr/ClimbingSystem 4.25/Content/Climbing_System/Climbing_System_Anim_BP.uasset" 294
"D:/Climbing_System/Fiverr/ClimbingSystem 4.25/Content/Climbing_System/Climbing_System_PP_BP.uasset" 295
"D:/Climbing_System/Fiverr/ClimbingSystem 4.25/Content/AdvancedLocomotionV4/Blueprints/AnimNotifys/CameraShake_Notify.uasset" 296
"D:/Climbing_System/Fiverr/ClimbingSystem 4.25/Content/AdvancedLocomotionV4/Blueprints/AnimNotifys/GroundedEntryState_AnimNotify.uasset" 297
"D:/Climbing_System/Fiverr/ClimbingSystem 4.25/Content/AdvancedLocomotionV4/Blueprints/Misc/Sprint_CameraShake.uasset" 298
"D:/Climbing_System/Fiverr/ClimbingSystem 4.25/Content/AdvancedLocomotionV4/CharacterAssets/MannequinSkeleton/AnimationExamples/Actions/ALS_N_LandRoll_F.uasset" 299
"D:/Climbing_System/Fiverr/ClimbingSystem 4.25/Content/AdvancedLocomotionV4/CharacterAssets/MannequinSkeleton/AnimationExamples/Base/BasePoses/ALS_N_Pose.uasset" 300
"D:/Climbing_System/Fiverr/ClimbingSystem 4.25/Content/AdvancedLocomotionV4/CharacterAssets/MannequinSkeleton/AnimationExamples/AimOffsets/ALS_N_Look_F_Sweep.uasset" 301
"D:/Climbing_System/Fiverr/ClimbingSystem 4.25/Content/AdvancedLocomotionV4/CharacterAssets/MannequinSkeleton/AnimationExamples/Base/BasePoses/ALS_CLF_Pose.uasset" 302
"D:/Climbing_System/Fiverr/ClimbingSystem 4.25/Content/AdvancedLocomotionV4/CharacterAssets/MannequinSkeleton/AnimationExamples/Base/InAir/ALS_Flail.uasset" 303
"D:/Climbing_System/Fiverr/ClimbingSystem 4.25/Content/AdvancedLocomotionV4/CharacterAssets/MannequinSkeleton/AnimationExamples/Base/InAir/ALS_N_FallLoop.uasset" 304
"D:/Climbing_System/Fiverr/ClimbingSystem 4.25/Content/AdvancedLocomotionV4/CharacterAssets/MannequinSkeleton/AnimationExamples/Base/InAir/ALS_N_FallLoop_Fast.uasset" 305
"D:/Climbing_System/Fiverr/ClimbingSystem 4.25/Content/AdvancedLocomotionV4/CharacterAssets/MannequinSkeleton/AnimationExamples/Base/InAir/ALS_N_JumpLoop.uasset" 306
"D:/Climbing_System/Fiverr/ClimbingSystem 4.25/Content/AdvancedLocomotionV4/Audio/Footsteps/Concrete_Walk_05.uasset" 307
"D:/Climbing_System/Fiverr/ClimbingSystem 4.25/Content/AdvancedLocomotionV4/Audio/Footsteps/Footstep_Cue.uasset" 308
"D:/Climbing_System/Fiverr/ClimbingSystem 4.25/Content/AdvancedLocomotionV4/Data/Enums/FootstepType.uasset" 309
"D:/Climbing_System/Fiverr/ClimbingSystem 4.25/Content/AdvancedLocomotionV4/Blueprints/AnimNotifys/Footstep_AnimNotify.uasset" 310
"D:/Climbing_System/Fiverr/ClimbingSystem 4.25/Content/AdvancedLocomotionV4/CharacterAssets/MannequinSkeleton/AnimationExamples/Base/InAir/ALS_N_JumpRun_LF.uasset" 311
"D:/Climbing_System/Fiverr/ClimbingSystem 4.25/Content/AdvancedLocomotionV4/CharacterAssets/MannequinSkeleton/AnimationExamples/Base/InAir/ALS_N_JumpRun_RF.uasset" 312
"D:/Climbing_System/Fiverr/ClimbingSystem 4.25/Content/AdvancedLocomotionV4/CharacterAssets/MannequinSkeleton/AnimationExamples/Base/InAir/ALS_N_JumpWalk_LF.uasset" 313
"D:/Climbing_System/Fiverr/ClimbingSystem 4.25/Content/AdvancedLocomotionV4/CharacterAssets/MannequinSkeleton/AnimationExamples/Base/InAir/ALS_N_JumpWalk_RF.uasset" 314
"D:/Climbing_System/Fiverr/ClimbingSystem 4.25/Content/AdvancedLocomotionV4/CharacterAssets/MannequinSkeleton/AnimationExamples/Base/InAir/ALS_N_Land_Heavy.uasset" 315
"D:/Climbing_System/Fiverr/ClimbingSystem 4.25/Content/AdvancedLocomotionV4/CharacterAssets/MannequinSkeleton/AnimationExamples/Base/InAir/ALS_N_Land_Heavy_Additive.uasset" 316
"D:/Climbing_System/Fiverr/ClimbingSystem 4.25/Content/AdvancedLocomotionV4/CharacterAssets/MannequinSkeleton/AnimationExamples/Base/InAir/ALS_N_Land_Light.uasset" 317
"D:/Climbing_System/Fiverr/ClimbingSystem 4.25/Content/AdvancedLocomotionV4/CharacterAssets/MannequinSkeleton/AnimationExamples/Base/InAir/ALS_N_Land_Light_Additive.uasset" 318
"D:/Climbing_System/Fiverr/ClimbingSystem 4.25/Content/AdvancedLocomotionV4/CharacterAssets/MannequinSkeleton/AnimationExamples/Base/Locomotion/ALS_CLF_Walk_B.uasset" 319
"D:/Climbing_System/Fiverr/ClimbingSystem 4.25/Content/AdvancedLocomotionV4/CharacterAssets/MannequinSkeleton/AnimationExamples/Base/Locomotion/ALS_CLF_Walk_F.uasset" 320
"D:/Climbing_System/Fiverr/ClimbingSystem 4.25/Content/AdvancedLocomotionV4/CharacterAssets/MannequinSkeleton/AnimationExamples/Base/Locomotion/ALS_CLF_Walk_L.uasset" 321
"D:/Climbing_System/Fiverr/ClimbingSystem 4.25/Content/AdvancedLocomotionV4/CharacterAssets/MannequinSkeleton/AnimationExamples/Base/Locomotion/ALS_CLF_Walk_R.uasset" 322
"D:/Climbing_System/Fiverr/ClimbingSystem 4.25/Content/AdvancedLocomotionV4/CharacterAssets/MannequinSkeleton/AnimationExamples/Base/Locomotion/ALS_CLF_WalkPose.uasset" 323
"D:/Climbing_System/Fiverr/ClimbingSystem 4.25/Content/AdvancedLocomotionV4/CharacterAssets/MannequinSkeleton/AnimationExamples/Base/Locomotion/ALS_CRF_Walk_L.uasset" 324
"D:/Climbing_System/Fiverr/ClimbingSystem 4.25/Content/AdvancedLocomotionV4/CharacterAssets/MannequinSkeleton/AnimationExamples/Base/Locomotion/ALS_CRF_Walk_R.uasset" 325
"D:/Climbing_System/Fiverr/ClimbingSystem 4.25/Content/AdvancedLocomotionV4/CharacterAssets/MannequinSkeleton/AnimationExamples/Base/Locomotion/ALS_N_Sprint_F.uasset" 326
"D:/Climbing_System/Fiverr/ClimbingSystem 4.25/Content/AdvancedLocomotionV4/CharacterAssets/MannequinSkeleton/AnimationExamples/Base/Locomotion/ALS_N_Sprint_F_Impulse.uasset" 327
"D:/Climbing_System/Fiverr/ClimbingSystem 4.25/Content/AdvancedLocomotionV4/CharacterAssets/MannequinSkeleton/AnimationExamples/Base/Locomotion/ALS_N_Walk_B.uasset" 328
"D:/Climbing_System/Fiverr/ClimbingSystem 4.25/Content/AdvancedLocomotionV4/CharacterAssets/MannequinSkeleton/AnimationExamples/Base/Locomotion/ALS_N_Walk_F.uasset" 329
"D:/Climbing_System/Fiverr/ClimbingSystem 4.25/Content/AdvancedLocomotionV4/CharacterAssets/MannequinSkeleton/AnimationExamples/Base/Locomotion/ALS_N_Walk_LB.uasset" 330
"D:/Climbing_System/Fiverr/ClimbingSystem 4.25/Content/AdvancedLocomotionV4/CharacterAssets/MannequinSkeleton/AnimationExamples/Base/Locomotion/ALS_N_Walk_LF.uasset" 331
"D:/Climbing_System/Fiverr/ClimbingSystem 4.25/Content/AdvancedLocomotionV4/CharacterAssets/MannequinSkeleton/AnimationExamples/Base/Locomotion/ALS_N_Walk_RB.uasset" 332
"D:/Climbing_System/Fiverr/ClimbingSystem 4.25/Content/AdvancedLocomotionV4/CharacterAssets/MannequinSkeleton/AnimationExamples/Base/Locomotion/ALS_N_Walk_RF.uasset" 333
"D:/Climbing_System/Fiverr/ClimbingSystem 4.25/Content/AdvancedLocomotionV4/CharacterAssets/MannequinSkeleton/AnimationExamples/Base/Locomotion/Detail/ALS_N_Run_BasePose.uasset" 334
"D:/Climbing_System/Fiverr/ClimbingSystem 4.25/Content/AdvancedLocomotionV4/CharacterAssets/MannequinSkeleton/AnimationExamples/Base/Locomotion/Detail/ALS_N_LocoDetail_Accel_B.uasset" 335
"D:/Climbing_System/Fiverr/ClimbingSystem 4.25/Content/AdvancedLocomotionV4/CharacterAssets/MannequinSkeleton/AnimationExamples/Base/Locomotion/Detail/ALS_N_LocoDetail_Accel_F.uasset" 336
"D:/Climbing_System/Fiverr/ClimbingSystem 4.25/Content/AdvancedLocomotionV4/CharacterAssets/MannequinSkeleton/AnimationExamples/Base/Locomotion/Detail/ALS_N_LocoDetail_Accel_L.uasset" 337
"D:/Climbing_System/Fiverr/ClimbingSystem 4.25/Content/AdvancedLocomotionV4/CharacterAssets/MannequinSkeleton/AnimationExamples/Base/Locomotion/Detail/ALS_N_LocoDetail_Accel_R.uasset" 338
"D:/Climbing_System/Fiverr/ClimbingSystem 4.25/Content/AdvancedLocomotionV4/CharacterAssets/MannequinSkeleton/AnimationExamples/Base/Transitions/ALS_CLF_to_N.uasset" 339
"D:/Climbing_System/Fiverr/ClimbingSystem 4.25/Content/AdvancedLocomotionV4/CharacterAssets/MannequinSkeleton/AnimationExamples/Base/Transitions/ALS_N_Stop_L_Down.uasset" 340
"D:/Climbing_System/Fiverr/ClimbingSystem 4.25/Content/AdvancedLocomotionV4/CharacterAssets/MannequinSkeleton/AnimationExamples/Base/Transitions/ALS_N_Stop_R_Down.uasset" 341
"D:/Climbing_System/Fiverr/ClimbingSystem 4.25/Content/AdvancedLocomotionV4/CharacterAssets/MannequinSkeleton/AnimationExamples/Base/Transitions/ALS_N_to_CLF.uasset" 342
"D:/Climbing_System/Fiverr/ClimbingSystem 4.25/Content/AdvancedLocomotionV4/CharacterAssets/MannequinSkeleton/AnimationExamples/Base/Transitions/ALS_N_Transition_L.uasset" 343
"D:/Climbing_System/Fiverr/ClimbingSystem 4.25/Content/AdvancedLocomotionV4/CharacterAssets/MannequinSkeleton/AnimationExamples/Base/Transitions/ALS_N_Transition_R.uasset" 344
"D:/Climbing_System/Fiverr/ClimbingSystem 4.25/Content/AdvancedLocomotionV4/Blueprints/AnimModifiers/Calculate_RotationAmount.uasset" 345
"D:/Climbing_System/Fiverr/ClimbingSystem 4.25/Content/AdvancedLocomotionV4/CharacterAssets/MannequinSkeleton/AnimationExamples/Base/TurnInPlace/ALS_CLF_Rotate_L90.uasset" 346
"D:/Climbing_System/Fiverr/ClimbingSystem 4.25/Content/AdvancedLocomotionV4/CharacterAssets/MannequinSkeleton/AnimationExamples/Base/TurnInPlace/ALS_CLF_Rotate_R90.uasset" 347
"D:/Climbing_System/Fiverr/ClimbingSystem 4.25/Content/AdvancedLocomotionV4/CharacterAssets/MannequinSkeleton/AnimationExamples/Base/TurnInPlace/ALS_CLF_TurnIP_L180.uasset" 348
"D:/Climbing_System/Fiverr/ClimbingSystem 4.25/Content/AdvancedLocomotionV4/CharacterAssets/MannequinSkeleton/AnimationExamples/Base/TurnInPlace/ALS_CLF_TurnIP_L90.uasset" 349
"D:/Climbing_System/Fiverr/ClimbingSystem 4.25/Content/AdvancedLocomotionV4/CharacterAssets/MannequinSkeleton/AnimationExamples/Base/TurnInPlace/ALS_CLF_TurnIP_R180.uasset" 350
"D:/Climbing_System/Fiverr/ClimbingSystem 4.25/Content/AdvancedLocomotionV4/CharacterAssets/MannequinSkeleton/AnimationExamples/Base/TurnInPlace/ALS_CLF_TurnIP_R90.uasset" 351
"D:/Climbing_System/Fiverr/ClimbingSystem 4.25/Content/AdvancedLocomotionV4/CharacterAssets/MannequinSkeleton/AnimationExamples/Base/TurnInPlace/ALS_N_Rotate_L90.uasset" 352
"D:/Climbing_System/Fiverr/ClimbingSystem 4.25/Content/AdvancedLocomotionV4/CharacterAssets/MannequinSkeleton/AnimationExamples/Base/TurnInPlace/ALS_N_Rotate_R90.uasset" 353
"D:/Climbing_System/Fiverr/ClimbingSystem 4.25/Content/AdvancedLocomotionV4/CharacterAssets/MannequinSkeleton/AnimationExamples/Base/TurnInPlace/ALS_N_TurnIP_L180.uasset" 354
"D:/Climbing_System/Fiverr/ClimbingSystem 4.25/Content/AdvancedLocomotionV4/CharacterAssets/MannequinSkeleton/AnimationExamples/Base/TurnInPlace/ALS_N_TurnIP_L90.uasset" 355
"D:/Climbing_System/Fiverr/ClimbingSystem 4.25/Content/AdvancedLocomotionV4/CharacterAssets/MannequinSkeleton/AnimationExamples/Base/TurnInPlace/ALS_N_TurnIP_R180.uasset" 356
"D:/Climbing_System/Fiverr/ClimbingSystem 4.25/Content/AdvancedLocomotionV4/CharacterAssets/MannequinSkeleton/AnimationExamples/Base/TurnInPlace/ALS_N_TurnIP_R90.uasset" 357
"D:/Climbing_System/Fiverr/ClimbingSystem 4.25/Content/AdvancedLocomotionV4/Blueprints/AnimModifiers/Create_LayeringCurves.uasset" 358
"D:/Climbing_System/Fiverr/ClimbingSystem 4.25/Content/AdvancedLocomotionV4/CharacterAssets/MannequinSkeleton/AnimationExamples/Overlay/Barrel/ALS_Props_Barrel_Poses.uasset" 359
"D:/Climbing_System/Fiverr/ClimbingSystem 4.25/Content/AdvancedLocomotionV4/CharacterAssets/MannequinSkeleton/AnimationExamples/Overlay/Binoculars/ALS_Props_Binoculars_Poses_NoCurves.uasset" 360
"D:/Climbing_System/Fiverr/ClimbingSystem 4.25/Content/AdvancedLocomotionV4/CharacterAssets/MannequinSkeleton/AnimationExamples/Overlay/Binoculars/ALS_Props_Binoculars_Aim_Sweep.uasset" 361
"D:/Climbing_System/Fiverr/ClimbingSystem 4.25/Content/AdvancedLocomotionV4/CharacterAssets/MannequinSkeleton/AnimationExamples/Overlay/Binoculars/ALS_Props_Binoculars_Aim_Sweep_Crouched.uasset" 362
"D:/Climbing_System/Fiverr/ClimbingSystem 4.25/Content/AdvancedLocomotionV4/CharacterAssets/MannequinSkeleton/AnimationExamples/Overlay/Binoculars/ALS_Props_Binoculars_Poses.uasset" 363
"D:/Climbing_System/Fiverr/ClimbingSystem 4.25/Content/AdvancedLocomotionV4/CharacterAssets/MannequinSkeleton/AnimationExamples/Overlay/Bow/ALS_Props_Bow_Poses_NoCurves.uasset" 364
"D:/Climbing_System/Fiverr/ClimbingSystem 4.25/Content/AdvancedLocomotionV4/CharacterAssets/MannequinSkeleton/AnimationExamples/Overlay/Bow/ALS_Props_Bow_Aim_Sweep.uasset" 365
"D:/Climbing_System/Fiverr/ClimbingSystem 4.25/Content/AdvancedLocomotionV4/CharacterAssets/MannequinSkeleton/AnimationExamples/Overlay/Bow/ALS_Props_Bow_Aim_Sweep_Crouched.uasset" 366
"D:/Climbing_System/Fiverr/ClimbingSystem 4.25/Content/AdvancedLocomotionV4/CharacterAssets/MannequinSkeleton/AnimationExamples/Overlay/Bow/ALS_Props_Bow_Poses.uasset" 367
"D:/Climbing_System/Fiverr/ClimbingSystem 4.25/Content/AdvancedLocomotionV4/CharacterAssets/MannequinSkeleton/AnimationExamples/Overlay/Box/ALS_Props_Box_Poses.uasset" 368
"D:/Climbing_System/Fiverr/ClimbingSystem 4.25/Content/AdvancedLocomotionV4/CharacterAssets/MannequinSkeleton/AnimationExamples/Overlay/M4A1/ALS_Props_M4A1_Poses_NoCurves.uasset" 369
"D:/Climbing_System/Fiverr/ClimbingSystem 4.25/Content/AdvancedLocomotionV4/CharacterAssets/MannequinSkeleton/AnimationExamples/Overlay/M4A1/ALS_Props_M4A1_Aim_Sweep.uasset" 370
"D:/Climbing_System/Fiverr/ClimbingSystem 4.25/Content/AdvancedLocomotionV4/CharacterAssets/MannequinSkeleton/AnimationExamples/Overlay/M4A1/ALS_Props_M4A1_Aim_Sweep_Crouched.uasset" 371
"D:/Climbing_System/Fiverr/ClimbingSystem 4.25/Content/AdvancedLocomotionV4/CharacterAssets/MannequinSkeleton/AnimationExamples/Overlay/M4A1/ALS_Props_M4A1_Poses.uasset" 372
"D:/Climbing_System/Fiverr/ClimbingSystem 4.25/Content/AdvancedLocomotionV4/CharacterAssets/MannequinSkeleton/AnimationExamples/Overlay/M4A1/ALS_Props_M4A1_Run_F_Arms.uasset" 373
"D:/Climbing_System/Fiverr/ClimbingSystem 4.25/Content/AdvancedLocomotionV4/Blueprints/AnimModifiers/Copy_Curves.uasset" 374
"D:/Climbing_System/Fiverr/ClimbingSystem 4.25/Content/AdvancedLocomotionV4/CharacterAssets/MannequinSkeleton/AnimationExamples/Overlay/M4A1/ALS_Props_M4A1_Sprint_F_Arms.uasset" 375
"D:/Climbing_System/Fiverr/ClimbingSystem 4.25/Content/AdvancedLocomotionV4/CharacterAssets/MannequinSkeleton/AnimationExamples/Overlay/M4A1/ALS_Props_M4A1_Sprint_F_Impulse_Arms.uasset" 376
"D:/Climbing_System/Fiverr/ClimbingSystem 4.25/Content/AdvancedLocomotionV4/CharacterAssets/MannequinSkeleton/AnimationExamples/Overlay/Pistol/ALS_Props_Pistol_1H_Poses_NoCurves.uasset" 377
"D:/Climbing_System/Fiverr/ClimbingSystem 4.25/Content/AdvancedLocomotionV4/CharacterAssets/MannequinSkeleton/AnimationExamples/Overlay/Pistol/ALS_Props_Pistol_1H_Aim_Sweep.uasset" 378
"D:/Climbing_System/Fiverr/ClimbingSystem 4.25/Content/AdvancedLocomotionV4/CharacterAssets/MannequinSkeleton/AnimationExamples/Overlay/Pistol/ALS_Props_Pistol_1H_Aim_Sweep_Crouched.uasset" 379
"D:/Climbing_System/Fiverr/ClimbingSystem 4.25/Content/AdvancedLocomotionV4/CharacterAssets/MannequinSkeleton/AnimationExamples/Overlay/Pistol/ALS_Props_Pistol_1H_Poses.uasset" 380
"D:/Climbing_System/Fiverr/ClimbingSystem 4.25/Content/AdvancedLocomotionV4/CharacterAssets/MannequinSkeleton/AnimationExamples/Overlay/Pistol/ALS_Props_Pistol_2H_Poses_NoCurves.uasset" 381
"D:/Climbing_System/Fiverr/ClimbingSystem 4.25/Content/AdvancedLocomotionV4/CharacterAssets/MannequinSkeleton/AnimationExamples/Overlay/Pistol/ALS_Props_Pistol_2H_Aim_Sweep.uasset" 382
"D:/Climbing_System/Fiverr/ClimbingSystem 4.25/Content/AdvancedLocomotionV4/CharacterAssets/MannequinSkeleton/AnimationExamples/Overlay/Pistol/ALS_Props_Pistol_2H_Aim_Sweep_Crouched.uasset" 383
"D:/Climbing_System/Fiverr/ClimbingSystem 4.25/Content/AdvancedLocomotionV4/CharacterAssets/MannequinSkeleton/AnimationExamples/Overlay/Pistol/ALS_Props_Pistol_2H_Poses.uasset" 384
"D:/Climbing_System/Fiverr/ClimbingSystem 4.25/Content/AdvancedLocomotionV4/CharacterAssets/MannequinSkeleton/AnimationExamples/Overlay/Shared/ALS_N_SecondaryMotion.uasset" 385
"D:/Climbing_System/Fiverr/ClimbingSystem 4.25/Content/AdvancedLocomotionV4/CharacterAssets/MannequinSkeleton/AnimationExamples/Overlay/StanceVariations/ALS_StanceVariation_Feminine.uasset" 386
"D:/Climbing_System/Fiverr/ClimbingSystem 4.25/Content/AdvancedLocomotionV4/CharacterAssets/MannequinSkeleton/AnimationExamples/Overlay/StanceVariations/ALS_StanceVariation_HandsTied.uasset" 387
"D:/Climbing_System/Fiverr/ClimbingSystem 4.25/Content/AdvancedLocomotionV4/CharacterAssets/MannequinSkeleton/AnimationExamples/Overlay/StanceVariations/ALS_StanceVariation_Injured.uasset" 388
"D:/Climbing_System/Fiverr/ClimbingSystem 4.25/Content/AdvancedLocomotionV4/CharacterAssets/MannequinSkeleton/AnimationExamples/Overlay/StanceVariations/ALS_StanceVariation_Masculine.uasset" 389
"D:/Climbing_System/Fiverr/ClimbingSystem 4.25/Content/AdvancedLocomotionV4/CharacterAssets/MannequinSkeleton/AnimationExamples/Overlay/StanceVariations/ALS_StanceVariation_Normal.uasset" 390
"D:/Climbing_System/Fiverr/ClimbingSystem 4.25/Content/AdvancedLocomotionV4/CharacterAssets/MannequinSkeleton/AnimationExamples/Overlay/Torch/ALS_Props_Torch_Poses_NoCurves.uasset" 391
"D:/Climbing_System/Fiverr/ClimbingSystem 4.25/Content/AdvancedLocomotionV4/CharacterAssets/MannequinSkeleton/AnimationExamples/Overlay/Torch/ALS_Props_Torch_Aim_Sweep.uasset" 392
"D:/Climbing_System/Fiverr/ClimbingSystem 4.25/Content/AdvancedLocomotionV4/CharacterAssets/MannequinSkeleton/AnimationExamples/Overlay/Torch/ALS_Props_Torch_Aim_Sweep_Crouched.uasset" 393
"D:/Climbing_System/Fiverr/ClimbingSystem 4.25/Content/AdvancedLocomotionV4/CharacterAssets/MannequinSkeleton/AnimationExamples/Overlay/Torch/ALS_Props_Torch_Poses.uasset" 394
"D:/Climbing_System/Fiverr/ClimbingSystem 4.25/Content/AdvancedLocomotionV4/CharacterAssets/MannequinSkeleton/AnimationExamples/Base/InAir/Detail/ALS_N_Falling_LeanPose_0.uasset" 395
"D:/Climbing_System/Fiverr/ClimbingSystem 4.25/Content/AdvancedLocomotionV4/CharacterAssets/MannequinSkeleton/AnimationExamples/Base/InAir/Detail/ALS_N_Falling_LeanPose_B.uasset" 396
"D:/Climbing_System/Fiverr/ClimbingSystem 4.25/Content/AdvancedLocomotionV4/CharacterAssets/MannequinSkeleton/AnimationExamples/Base/InAir/Detail/ALS_N_Falling_LeanPose_F.uasset" 397
"D:/Climbing_System/Fiverr/ClimbingSystem 4.25/Content/AdvancedLocomotionV4/CharacterAssets/MannequinSkeleton/AnimationExamples/Base/InAir/Detail/ALS_N_Falling_LeanPose_L.uasset" 398
"D:/Climbing_System/Fiverr/ClimbingSystem 4.25/Content/AdvancedLocomotionV4/CharacterAssets/MannequinSkeleton/AnimationExamples/Base/InAir/Detail/ALS_N_Falling_LeanPose_R.uasset" 399
"D:/Climbing_System/Fiverr/ClimbingSystem 4.25/Content/AdvancedLocomotionV4/CharacterAssets/MannequinSkeleton/AnimationExamples/Base/InAir/Detail/ALS_N_Lean_Falling.uasset" 400
"D:/Climbing_System/Fiverr/ClimbingSystem 4.25/Content/AdvancedLocomotionV4/CharacterAssets/MannequinSkeleton/AnimationExamples/Base/Locomotion/ALS_N_Run_B.uasset" 401
"D:/Climbing_System/Fiverr/ClimbingSystem 4.25/Content/AdvancedLocomotionV4/Blueprints/AnimModifiers/AnimCurveCreationData.uasset" 402
"D:/Climbing_System/Fiverr/ClimbingSystem 4.25/Content/AdvancedLocomotionV4/Blueprints/AnimModifiers/AnimCurveCreationParams.uasset" 403
"D:/Climbing_System/Fiverr/ClimbingSystem 4.25/Content/AdvancedLocomotionV4/Blueprints/AnimModifiers/Create_Curves.uasset" 404
"D:/Climbing_System/Fiverr/ClimbingSystem 4.25/Content/AdvancedLocomotionV4/CharacterAssets/MannequinSkeleton/AnimationExamples/Base/Locomotion/ALS_N_RunPose_F.uasset" 405
"D:/Climbing_System/Fiverr/ClimbingSystem 4.25/Content/AdvancedLocomotionV4/CharacterAssets/MannequinSkeleton/AnimationExamples/Base/Locomotion/ALS_N_WalkPose_F.uasset" 406
"D:/Climbing_System/Fiverr/ClimbingSystem 4.25/Content/AdvancedLocomotionV4/CharacterAssets/MannequinSkeleton/AnimationExamples/Base/Locomotion/ALS_N_WalkRun_B.uasset" 407
"D:/Climbing_System/Fiverr/ClimbingSystem 4.25/Content/AdvancedLocomotionV4/CharacterAssets/MannequinSkeleton/AnimationExamples/Base/Locomotion/ALS_N_Run_LB.uasset" 408
"D:/Climbing_System/Fiverr/ClimbingSystem 4.25/Content/AdvancedLocomotionV4/CharacterAssets/MannequinSkeleton/AnimationExamples/Base/Locomotion/ALS_N_RunPose_R.uasset" 409
"D:/Climbing_System/Fiverr/ClimbingSystem 4.25/Content/AdvancedLocomotionV4/CharacterAssets/MannequinSkeleton/AnimationExamples/Base/Locomotion/ALS_N_WalkPose_R.uasset" 410
"D:/Climbing_System/Fiverr/ClimbingSystem 4.25/Content/AdvancedLocomotionV4/CharacterAssets/MannequinSkeleton/AnimationExamples/Base/Locomotion/ALS_N_WalkRun_BL.uasset" 411
"D:/Climbing_System/Fiverr/ClimbingSystem 4.25/Content/AdvancedLocomotionV4/CharacterAssets/MannequinSkeleton/AnimationExamples/Base/Locomotion/ALS_N_Run_RB.uasset" 412
"D:/Climbing_System/Fiverr/ClimbingSystem 4.25/Content/AdvancedLocomotionV4/CharacterAssets/MannequinSkeleton/AnimationExamples/Base/Locomotion/ALS_N_RunPose_L.uasset" 413
"D:/Climbing_System/Fiverr/ClimbingSystem 4.25/Content/AdvancedLocomotionV4/CharacterAssets/MannequinSkeleton/AnimationExamples/Base/Locomotion/ALS_N_WalkPose_L.uasset" 414
"D:/Climbing_System/Fiverr/ClimbingSystem 4.25/Content/AdvancedLocomotionV4/CharacterAssets/MannequinSkeleton/AnimationExamples/Base/Locomotion/ALS_N_WalkRun_BR.uasset" 415
"D:/Climbing_System/Fiverr/ClimbingSystem 4.25/Content/AdvancedLocomotionV4/CharacterAssets/MannequinSkeleton/AnimationExamples/Base/Locomotion/ALS_N_Run_F.uasset" 416
"D:/Climbing_System/Fiverr/ClimbingSystem 4.25/Content/AdvancedLocomotionV4/CharacterAssets/MannequinSkeleton/AnimationExamples/Base/Locomotion/ALS_N_WalkRun_F.uasset" 417
"D:/Climbing_System/Fiverr/ClimbingSystem 4.25/Content/AdvancedLocomotionV4/CharacterAssets/MannequinSkeleton/AnimationExamples/Base/Locomotion/ALS_N_Run_LF.uasset" 418
"D:/Climbing_System/Fiverr/ClimbingSystem 4.25/Content/AdvancedLocomotionV4/CharacterAssets/MannequinSkeleton/AnimationExamples/Base/Locomotion/ALS_N_WalkRun_FL.uasset" 419
"D:/Climbing_System/Fiverr/ClimbingSystem 4.25/Content/AdvancedLocomotionV4/CharacterAssets/MannequinSkeleton/AnimationExamples/Base/Locomotion/ALS_N_Run_RF.uasset" 420
"D:/Climbing_System/Fiverr/ClimbingSystem 4.25/Content/AdvancedLocomotionV4/CharacterAssets/MannequinSkeleton/AnimationExamples/Base/Locomotion/ALS_N_WalkRun_FR.uasset" 421
"D:/Climbing_System/Fiverr/ClimbingSystem 4.25/Content/AdvancedLocomotionV4/CharacterAssets/MannequinSkeleton/AnimationExamples/Base/Locomotion/Detail/ALS_N_LeanPose_0.uasset" 422
"D:/Climbing_System/Fiverr/ClimbingSystem 4.25/Content/AdvancedLocomotionV4/CharacterAssets/MannequinSkeleton/AnimationExamples/Base/Locomotion/Detail/ALS_N_LeanPose_B.uasset" 423
"D:/Climbing_System/Fiverr/ClimbingSystem 4.25/Content/AdvancedLocomotionV4/CharacterAssets/MannequinSkeleton/AnimationExamples/Base/Locomotion/Detail/ALS_N_LeanPose_F.uasset" 424
"D:/Climbing_System/Fiverr/ClimbingSystem 4.25/Content/AdvancedLocomotionV4/CharacterAssets/MannequinSkeleton/AnimationExamples/Base/Locomotion/Detail/ALS_N_LeanPose_L.uasset" 425
"D:/Climbing_System/Fiverr/ClimbingSystem 4.25/Content/AdvancedLocomotionV4/CharacterAssets/MannequinSkeleton/AnimationExamples/Base/Locomotion/Detail/ALS_N_LeanPose_R.uasset" 426
"D:/Climbing_System/Fiverr/ClimbingSystem 4.25/Content/AdvancedLocomotionV4/CharacterAssets/MannequinSkeleton/AnimationExamples/Base/Locomotion/Detail/ALS_N_Lean.uasset" 427
"D:/Climbing_System/Fiverr/ClimbingSystem 4.25/Content/AdvancedLocomotionV4/CharacterAssets/MannequinSkeleton/AnimationExamples/AimOffsets/ALS_N_Look_D_Sweep.uasset" 428
"D:/Climbing_System/Fiverr/ClimbingSystem 4.25/Content/AdvancedLocomotionV4/CharacterAssets/MannequinSkeleton/AnimationExamples/AimOffsets/ALS_N_Look_U_Sweep.uasset" 429
"D:/Climbing_System/Fiverr/ClimbingSystem 4.25/Content/AdvancedLocomotionV4/CharacterAssets/MannequinSkeleton/AnimationExamples/AimOffsets/ALS_N_Look.uasset" 430
"D:/Climbing_System/Fiverr/ClimbingSystem 4.25/Content/AdvancedLocomotionV4/Data/Curves/AnimationBlendCurves/AimingInCurve.uasset" 431
"D:/Climbing_System/Fiverr/ClimbingSystem 4.25/Content/AdvancedLocomotionV4/Data/Curves/AnimationBlendCurves/AimingOutCurve.uasset" 432
"D:/Climbing_System/Fiverr/ClimbingSystem 4.25/Content/AdvancedLocomotionV4/Data/Curves/AnimationBlendCurves/AO_SwitchSidesIn.uasset" 433
"D:/Climbing_System/Fiverr/ClimbingSystem 4.25/Content/AdvancedLocomotionV4/Data/Curves/AnimationBlendCurves/AO_SwitchSidesOut.uasset" 434
"D:/Climbing_System/Fiverr/ClimbingSystem 4.25/Content/AdvancedLocomotionV4/Data/Curves/AnimationBlendCurves/ChangeDirection.uasset" 435
"D:/Climbing_System/Fiverr/ClimbingSystem 4.25/Content/AdvancedLocomotionV4/Data/Curves/AnimationBlendCurves/ChangeStance.uasset" 436
"D:/Climbing_System/Fiverr/ClimbingSystem 4.25/Content/AdvancedLocomotionV4/Data/Curves/AnimationBlendCurves/DiagonalScaleAmount.uasset" 437
"D:/Climbing_System/Fiverr/ClimbingSystem 4.25/Content/AdvancedLocomotionV4/Data/Curves/AnimationBlendCurves/LandPredictionBlend.uasset" 438
"D:/Climbing_System/Fiverr/ClimbingSystem 4.25/Content/AdvancedLocomotionV4/Data/Curves/AnimationBlendCurves/LeanInAirAmount.uasset" 439
"D:/Climbing_System/Fiverr/ClimbingSystem 4.25/Content/AdvancedLocomotionV4/Data/Curves/AnimationBlendCurves/LookIn.uasset" 440
"D:/Climbing_System/Fiverr/ClimbingSystem 4.25/Content/AdvancedLocomotionV4/Data/Curves/AnimationBlendCurves/LookOut.uasset" 441
"D:/Climbing_System/Fiverr/ClimbingSystem 4.25/Content/AdvancedLocomotionV4/Data/Curves/AnimationBlendCurves/StrideBlend_N_Run.uasset" 442
"D:/Climbing_System/Fiverr/ClimbingSystem 4.25/Content/AdvancedLocomotionV4/Data/Curves/AnimationBlendCurves/StrideBlend_N_Walk.uasset" 443
"D:/Climbing_System/Fiverr/ClimbingSystem 4.25/Content/AdvancedLocomotionV4/Data/Curves/AnimationBlendCurves/YawOffset_FB.uasset" 444
"D:/Climbing_System/Fiverr/ClimbingSystem 4.25/Content/AdvancedLocomotionV4/Data/Curves/AnimationBlendCurves/YawOffset_LR.uasset" 445
"D:/Climbing_System/Fiverr/ClimbingSystem 4.25/Content/AdvancedLocomotionV4/Data/Enums/HipsDirection.uasset" 446
"D:/Climbing_System/Fiverr/ClimbingSystem 4.25/Content/AdvancedLocomotionV4/Data/Enums/MovementDirection.uasset" 447
"D:/Climbing_System/Fiverr/ClimbingSystem 4.25/Content/AdvancedLocomotionV4/Data/Structs/DynamicMontageParams.uasset" 448
"D:/Climbing_System/Fiverr/ClimbingSystem 4.25/Content/AdvancedLocomotionV4/Data/Structs/LeanAmount.uasset" 449
"D:/Climbing_System/Fiverr/ClimbingSystem 4.25/Content/AdvancedLocomotionV4/Data/Structs/RotateInPlace_Asset.uasset" 450
"D:/Climbing_System/Fiverr/ClimbingSystem 4.25/Content/AdvancedLocomotionV4/Data/Structs/TurnInPlace_Asset.uasset" 451
"D:/Climbing_System/Fiverr/ClimbingSystem 4.25/Content/AdvancedLocomotionV4/Data/Structs/VelocityBlend.uasset" 452
"D:/Climbing_System/Fiverr/ClimbingSystem 4.25/Content/AdvancedLocomotionV4/CharacterAssets/MannequinSkeleton/ALS_AnimBP.uasset" 453
"D:/Climbing_System/Fiverr/ClimbingSystem 4.25/Content/AdvancedLocomotionV4/Props/Meshes/Bow_Skeleton.uasset" 454
"D:/Climbing_System/Fiverr/ClimbingSystem 4.25/Content/AdvancedLocomotionV4/Props/Meshes/Bow_Draw.uasset" 455
"D:/Climbing_System/Fiverr/ClimbingSystem 4.25/Content/AdvancedLocomotionV4/Props/Meshes/Bow_AnimBP.uasset" 456
"D:/Climbing_System/Fiverr/ClimbingSystem 4.25/Content/AdvancedLocomotionV4/CharacterAssets/MannequinSkeleton/AnimationExamples/Actions/ALS_CLF_GetUp_Back.uasset" 457
"D:/Climbing_System/Fiverr/ClimbingSystem 4.25/Content/AdvancedLocomotionV4/Blueprints/AnimNotifys/MovementAction_NotifyState.uasset" 458
"D:/Climbing_System/Fiverr/ClimbingSystem 4.25/Content/AdvancedLocomotionV4/Blueprints/AnimNotifys/OverlayOverride_NotifyState.uasset" 459
"D:/Climbing_System/Fiverr/ClimbingSystem 4.25/Content/AdvancedLocomotionV4/CharacterAssets/MannequinSkeleton/AnimationExamples/Actions/ALS_CLF_GetUp_Back_Montage_2H.uasset" 460
"D:/Climbing_System/Fiverr/ClimbingSystem 4.25/Content/AdvancedLocomotionV4/CharacterAssets/MannequinSkeleton/AnimationExamples/Actions/ALS_CLF_GetUp_Back_Montage_Default.uasset" 461
"D:/Climbing_System/Fiverr/ClimbingSystem 4.25/Content/AdvancedLocomotionV4/CharacterAssets/MannequinSkeleton/AnimationExamples/Actions/ALS_CLF_GetUp_Back_Montage_LH.uasset" 462
"D:/Climbing_System/Fiverr/ClimbingSystem 4.25/Content/AdvancedLocomotionV4/CharacterAssets/MannequinSkeleton/AnimationExamples/Actions/ALS_CLF_GetUp_Back_Montage_RH.uasset" 463
"D:/Climbing_System/Fiverr/ClimbingSystem 4.25/Content/AdvancedLocomotionV4/CharacterAssets/MannequinSkeleton/AnimationExamples/Actions/ALS_CLF_GetUp_Front.uasset" 464
"D:/Climbing_System/Fiverr/ClimbingSystem 4.25/Content/AdvancedLocomotionV4/CharacterAssets/MannequinSkeleton/AnimationExamples/Actions/ALS_CLF_GetUp_Front_Montage_2H.uasset" 465
"D:/Climbing_System/Fiverr/ClimbingSystem 4.25/Content/AdvancedLocomotionV4/CharacterAssets/MannequinSkeleton/AnimationExamples/Actions/ALS_CLF_GetUp_Front_Montage_Default.uasset" 466
"D:/Climbing_System/Fiverr/ClimbingSystem 4.25/Content/AdvancedLocomotionV4/CharacterAssets/MannequinSkeleton/AnimationExamples/Actions/ALS_CLF_GetUp_Front_Montage_LH.uasset" 467
"D:/Climbing_System/Fiverr/ClimbingSystem 4.25/Content/AdvancedLocomotionV4/CharacterAssets/MannequinSkeleton/AnimationExamples/Actions/ALS_CLF_GetUp_Front_Montage_RH.uasset" 468
"D:/Climbing_System/Fiverr/ClimbingSystem 4.25/Content/AdvancedLocomotionV4/CharacterAssets/MannequinSkeleton/AnimationExamples/Actions/ALS_N_LandRoll_F_Montage_2H.uasset" 469
"D:/Climbing_System/Fiverr/ClimbingSystem 4.25/Content/AdvancedLocomotionV4/CharacterAssets/MannequinSkeleton/AnimationExamples/Actions/ALS_N_LandRoll_F_Montage_Default.uasset" 470
"D:/Climbing_System/Fiverr/ClimbingSystem 4.25/Content/AdvancedLocomotionV4/CharacterAssets/MannequinSkeleton/AnimationExamples/Actions/ALS_N_LandRoll_F_Montage_LH.uasset" 471
"D:/Climbing_System/Fiverr/ClimbingSystem 4.25/Content/AdvancedLocomotionV4/CharacterAssets/MannequinSkeleton/AnimationExamples/Actions/ALS_N_LandRoll_F_Montage_RH.uasset" 472
"D:/Climbing_System/Fiverr/ClimbingSystem 4.25/Content/AdvancedLocomotionV4/CharacterAssets/MannequinSkeleton/AnimationExamples/Actions/ALS_N_Mantle_1m_RH.uasset" 473
"D:/Climbing_System/Fiverr/ClimbingSystem 4.25/Content/AdvancedLocomotionV4/Blueprints/AnimNotifys/EarlyBlendOut_NotifyState.uasset" 474
"D:/Climbing_System/Fiverr/ClimbingSystem 4.25/Content/AdvancedLocomotionV4/CharacterAssets/MannequinSkeleton/AnimationExamples/Actions/ALS_N_Mantle_1m_Montage_2H.uasset" 475
"D:/Climbing_System/Fiverr/ClimbingSystem 4.25/Content/AdvancedLocomotionV4/CharacterAssets/MannequinSkeleton/AnimationExamples/Actions/ALS_N_Mantle_1m_Montage_Box.uasset" 476
"D:/Climbing_System/Fiverr/ClimbingSystem 4.25/Content/AdvancedLocomotionV4/CharacterAssets/MannequinSkeleton/AnimationExamples/Actions/ALS_N_Mantle_1m_Montage_Default.uasset" 477
"D:/Climbing_System/Fiverr/ClimbingSystem 4.25/Content/AdvancedLocomotionV4/CharacterAssets/MannequinSkeleton/AnimationExamples/Actions/ALS_N_Mantle_1m_LH.uasset" 478
"D:/Climbing_System/Fiverr/ClimbingSystem 4.25/Content/AdvancedLocomotionV4/CharacterAssets/MannequinSkeleton/AnimationExamples/Actions/ALS_N_Mantle_1m_Montage_LH.uasset" 479
"D:/Climbing_System/Fiverr/ClimbingSystem 4.25/Content/AdvancedLocomotionV4/CharacterAssets/MannequinSkeleton/AnimationExamples/Actions/ALS_N_Mantle_1m_Montage_RH.uasset" 480
"D:/Climbing_System/Fiverr/ClimbingSystem 4.25/Content/AdvancedLocomotionV4/CharacterAssets/MannequinSkeleton/AnimationExamples/Actions/ALS_N_Mantle_2m.uasset" 481
"D:/Climbing_System/Fiverr/ClimbingSystem 4.25/Content/AdvancedLocomotionV4/CharacterAssets/MannequinSkeleton/AnimationExamples/Actions/ALS_N_Mantle_2m_Montage_Default.uasset" 482
"D:/Climbing_System/Fiverr/ClimbingSystem 4.25/Content/Climbing_System/Montages/Char_climb_hang_idle_to_climb_up_New_V2.uasset" 483
"D:/Climbing_System/Fiverr/ClimbingSystem 4.25/Content/Climbing_System/Montages/Char_climb_hang_idle_to_climb_up_New_Montage.uasset" 484
"D:/Climbing_System/Fiverr/ClimbingSystem 4.25/Content/Climbing_System/Montages/Char_idle_relaxed_drop_to_climb_hang_idle_V2_New_FreeHang.uasset" 485
"D:/Climbing_System/Fiverr/ClimbingSystem 4.25/Content/Climbing_System/Montages/Char_idle_relaxed_drop_to_climb_hang_idle_FreeHang_Montage.uasset" 486
"D:/Climbing_System/Fiverr/ClimbingSystem 4.25/Content/Climbing_System/Montages/Char_idle_relaxed_drop_to_climb_hang_idle_V2_New.uasset" 487
"D:/Climbing_System/Fiverr/ClimbingSystem 4.25/Content/Climbing_System/Montages/Char_idle_relaxed_drop_to_climb_hang_idle_Montage.uasset" 488
"D:/Climbing_System/Fiverr/ClimbingSystem 4.25/Content/Climbing_System/Climbing_Component.uasset" 489
"D:/Climbing_System/Fiverr/ClimbingSystem 4.25/Content/AdvancedLocomotionV4/CharacterAssets/MannequinSkeleton/PhysicsAssets/AnimMan_PhysicsAsset.uasset" 490
"D:/Climbing_System/Fiverr/ClimbingSystem 4.25/Content/AdvancedLocomotionV4/CharacterAssets/MannequinSkeleton/Meshes/AnimMan.uasset" 491
"D:/Climbing_System/Fiverr/ClimbingSystem 4.25/Content/AdvancedLocomotionV4/CharacterAssets/MannequinSkeleton/Materials/Textures/UE4_Mannequin__normals.uasset" 492
"D:/Climbing_System/Fiverr/ClimbingSystem 4.25/Content/AdvancedLocomotionV4/CharacterAssets/MannequinSkeleton/Materials/Textures/UE4_Mannequin_MAT_MASKA.uasset" 493
"D:/Climbing_System/Fiverr/ClimbingSystem 4.25/Content/AdvancedLocomotionV4/CharacterAssets/MannequinSkeleton/Materials/M_Mannequin_Body.uasset" 494
"D:/Climbing_System/Fiverr/ClimbingSystem 4.25/Content/AdvancedLocomotionV4/CharacterAssets/MannequinSkeleton/Materials/Textures/UE4_LOGO_CARD.uasset" 495
"D:/Climbing_System/Fiverr/ClimbingSystem 4.25/Content/AdvancedLocomotionV4/CharacterAssets/MannequinSkeleton/Materials/Textures/UE4Man_Logo_N.uasset" 496
"D:/Climbing_System/Fiverr/ClimbingSystem 4.25/Content/AdvancedLocomotionV4/CharacterAssets/MannequinSkeleton/Materials/M_Mannequin_Logo.uasset" 497
"D:/Climbing_System/Fiverr/ClimbingSystem 4.25/Content/AdvancedLocomotionV4/CharacterAssets/MannequinSkeleton/PhysicsAssets/Mannequin_PhysicsAsset.uasset" 498
"D:/Climbing_System/Fiverr/ClimbingSystem 4.25/Content/AdvancedLocomotionV4/CharacterAssets/MannequinSkeleton/Meshes/Mannequin.uasset" 499
"D:/Climbing_System/Fiverr/ClimbingSystem 4.25/Content/AdvancedLocomotionV4/Props/Materials/M_Prop.uasset" 500
"D:/Climbing_System/Fiverr/ClimbingSystem 4.25/Content/AdvancedLocomotionV4/Props/Meshes/Barrel.uasset" 501
"D:/Climbing_System/Fiverr/ClimbingSystem 4.25/Content/AdvancedLocomotionV4/Props/Materials/M_Prop_Binoculars.uasset" 502
"D:/Climbing_System/Fiverr/ClimbingSystem 4.25/Content/AdvancedLocomotionV4/Props/Meshes/Binoculars.uasset" 503
"D:/Climbing_System/Fiverr/ClimbingSystem 4.25/Content/AdvancedLocomotionV4/Props/Materials/M_Prop_Bow1.uasset" 504
"D:/Climbing_System/Fiverr/ClimbingSystem 4.25/Content/AdvancedLocomotionV4/Props/Materials/M_Prop_Bow2.uasset" 505
"D:/Climbing_System/Fiverr/ClimbingSystem 4.25/Content/AdvancedLocomotionV4/Props/Materials/M_Prop_Bow3.uasset" 506
"D:/Climbing_System/Fiverr/ClimbingSystem 4.25/Content/AdvancedLocomotionV4/Props/Meshes/Bow.uasset" 507
"D:/Climbing_System/Fiverr/ClimbingSystem 4.25/Content/AdvancedLocomotionV4/Props/Meshes/Box.uasset" 508
"D:/Climbing_System/Fiverr/ClimbingSystem 4.25/Content/AdvancedLocomotionV4/Props/Materials/M_Prop_M4A1.uasset" 509
"D:/Climbing_System/Fiverr/ClimbingSystem 4.25/Content/AdvancedLocomotionV4/Props/Meshes/M4A1_Skeleton.uasset" 510
"D:/Climbing_System/Fiverr/ClimbingSystem 4.25/Content/AdvancedLocomotionV4/Props/Meshes/M4A1.uasset" 511
"D:/Climbing_System/Fiverr/ClimbingSystem 4.25/Content/AdvancedLocomotionV4/Props/Materials/M_Prop_M9.uasset" 512
"D:/Climbing_System/Fiverr/ClimbingSystem 4.25/Content/AdvancedLocomotionV4/Props/Meshes/M9_Skeleton.uasset" 513
"D:/Climbing_System/Fiverr/ClimbingSystem 4.25/Content/AdvancedLocomotionV4/Props/Meshes/M9.uasset" 514
"D:/Climbing_System/Fiverr/ClimbingSystem 4.25/Content/AdvancedLocomotionV4/Props/Materials/M_Prop_Torch1.uasset" 515
"D:/Climbing_System/Fiverr/ClimbingSystem 4.25/Content/AdvancedLocomotionV4/Props/Materials/M_Prop_Torch2.uasset" 516
"D:/Climbing_System/Fiverr/ClimbingSystem 4.25/Content/AdvancedLocomotionV4/Props/Materials/M_Prop_Torch3.uasset" 517
"D:/Climbing_System/Fiverr/ClimbingSystem 4.25/Content/AdvancedLocomotionV4/Props/Meshes/Torch.uasset" 518
"D:/Climbing_System/Fiverr/ClimbingSystem 4.25/Content/AdvancedLocomotionV4/Blueprints/CharacterLogic/ALS_AnimMan_CharacterBP.uasset" 519
"../../../Engine/Content/EngineSky/C_Sky_Cloud_Color.uasset" 520
"../../../Engine/Content/EngineSky/C_Sky_Horizon_Color.uasset" 521
"../../../Engine/Content/EngineSky/C_Sky_Zenith_Color.uasset" 522
"../../../Engine/Content/EngineSky/T_Sky_Blue.uasset" 523
"../../../Engine/Content/EngineSky/T_Sky_Clouds_M.uasset" 524
"../../../Engine/Content/EngineSky/T_Sky_Stars.uasset" 525
"../../../Engine/Content/EngineSky/M_Sky_Panning_Clouds2.uasset" 526
"../../../Engine/Content/EngineSky/SM_SkySphere.uasset" 527
"../../../Engine/Content/EngineSky/BP_Sky_Sphere.uasset" 528
"D:/Climbing_System/Fiverr/ClimbingSystem 4.25/Content/AdvancedLocomotionV4/Data/Curves/CameraBlendCurves/CameraLerp_1.uasset" 529
"D:/Climbing_System/Fiverr/ClimbingSystem 4.25/Content/AdvancedLocomotionV4/Data/Curves/CameraBlendCurves/CameraLerp_2.uasset" 530
"D:/Climbing_System/Fiverr/ClimbingSystem 4.25/Content/AdvancedLocomotionV4/Blueprints/CameraSystem/Camera_Skeleton.uasset" 531
"D:/Climbing_System/Fiverr/ClimbingSystem 4.25/Content/AdvancedLocomotionV4/Blueprints/CameraSystem/ALS_PlayerCameraBehavior.uasset" 532
"../../../Engine/Content/BasicShapes/BasicShapeMaterial.uasset" 533
"D:/Climbing_System/Fiverr/ClimbingSystem 4.25/Content/AdvancedLocomotionV4/Blueprints/CameraSystem/Camera.uasset" 534
"D:/Climbing_System/Fiverr/ClimbingSystem 4.25/Content/AdvancedLocomotionV4/Blueprints/CameraSystem/ALS_PlayerCameraManager.uasset" 535
"D:/Climbing_System/Fiverr/ClimbingSystem 4.25/Content/AdvancedLocomotionV4/Audio/UI/Click.uasset" 536
"D:/Climbing_System/Fiverr/ClimbingSystem 4.25/Content/AdvancedLocomotionV4/Blueprints/UI/Arrow.uasset" 537
"D:/Climbing_System/Fiverr/ClimbingSystem 4.25/Content/AdvancedLocomotionV4/Blueprints/UI/ALS_HUD.uasset" 538
"D:/Climbing_System/Fiverr/ClimbingSystem 4.25/Content/AdvancedLocomotionV4/Blueprints/UI/OverlayStateButton.uasset" 539
"D:/Climbing_System/Fiverr/ClimbingSystem 4.25/Content/AdvancedLocomotionV4/Blueprints/UI/OverlayStateButtonParams.uasset" 540
"D:/Climbing_System/Fiverr/ClimbingSystem 4.25/Content/AdvancedLocomotionV4/Blueprints/UI/OverlayStateSwitcher.uasset" 541
"D:/Climbing_System/Fiverr/ClimbingSystem 4.25/Content/AdvancedLocomotionV4/Blueprints/CharacterLogic/ALS_Player_Controller.uasset" 542
"D:/Climbing_System/Fiverr/ClimbingSystem 4.25/Content/AdvancedLocomotionV4/Blueprints/GameModes/ALS_GameMode_SP.uasset" 543
"D:/Climbing_System/Fiverr/ClimbingSystem 4.25/Content/AdvancedLocomotionV4/Environment/Materials/Textures/T_Tiles_M.uasset" 544
"D:/Climbing_System/Fiverr/ClimbingSystem 4.25/Content/AdvancedLocomotionV4/Environment/Materials/Textures/T_Tiles_N.uasset" 545
"D:/Climbing_System/Fiverr/ClimbingSystem 4.25/Content/AdvancedLocomotionV4/Environment/Materials/M_Tiles.uasset" 546
"D:/Climbing_System/Fiverr/ClimbingSystem 4.25/Content/AdvancedLocomotionV4/Environment/Meshes/Simple_Block_1x1.uasset" 547
"D:/Climbing_System/Fiverr/ClimbingSystem 4.25/Content/AdvancedLocomotionV4/Environment/Meshes/Simple_Block_3x3.uasset" 548
"D:/Climbing_System/Fiverr/ClimbingSystem 4.25/Content/AdvancedLocomotionV4/Environment/SimpleObjectBuilder.uasset" 549
"D:/Climbing_System/Fiverr/ClimbingSystem 4.25/Content/AdvancedLocomotionV4/Environment/SmoothObjectMovement.uasset" 550
"D:/Climbing_System/Fiverr/ClimbingSystem 4.25/Content/AdvancedLocomotionV4/Environment/SimpleMovingObject.uasset" 551
"D:/Climbing_System/Fiverr/ClimbingSystem 4.25/Content/Climbing_System/Simultaed_Objects.uasset" 552
"D:/Climbing_System/Fiverr/ClimbingSystem 4.25/Content/AdvancedLocomotionV4/Environment/Text/RobotoDistanceField_Outlines.uasset" 553
"D:/Climbing_System/Fiverr/ClimbingSystem 4.25/Content/AdvancedLocomotionV4/Levels/ALS_DemoLevel_BuiltData.uasset" 554
"D:/Climbing_System/Fiverr/ClimbingSystem 4.25/Content/AdvancedLocomotionV4/Environment/Materials/M_Object.uasset" 555
"D:/Climbing_System/Fiverr/ClimbingSystem 4.25/Content/AdvancedLocomotionV4/Environment/Text/M_OutlinedText.uasset" 556
"D:/Climbing_System/Fiverr/ClimbingSystem 4.25/Content/AdvancedLocomotionV4/Environment/Materials/M_Landscape.uasset" 557
"../../../Engine/Content/BasicShapes/Cube.uasset" 558
"../../../Engine/Content/BasicShapes/Cylinder.uasset" 559
"../../../Engine/Content/EngineMaterials/DefaultPhysicalMaterial.uasset" 560
"D:/Climbing_System/Fiverr/ClimbingSystem 4.25/Content/AdvancedLocomotionV4/Audio/Background/Starter_Birds01.uasset" 561
"D:/Climbing_System/Fiverr/ClimbingSystem 4.25/Content/AdvancedLocomotionV4/Audio/Background/Starter_Wind05.uasset" 562
"D:/Climbing_System/Fiverr/ClimbingSystem 4.25/Content/AdvancedLocomotionV4/Audio/Background/Starter_Wind06.uasset" 563
"D:/Climbing_System/Fiverr/ClimbingSystem 4.25/Content/AdvancedLocomotionV4/Audio/Background/Starter_Background_Cue.uasset" 564
"D:/Climbing_System/Fiverr/ClimbingSystem 4.25/Content/AdvancedLocomotionV4/Environment/Meshes/Complex_Arch_01.uasset" 565
"D:/Climbing_System/Fiverr/ClimbingSystem 4.25/Content/AdvancedLocomotionV4/Environment/Meshes/Complex_Arch_02.uasset" 566
"D:/Climbing_System/Fiverr/ClimbingSystem 4.25/Content/AdvancedLocomotionV4/Environment/Meshes/Complex_Barrel.uasset" 567
"D:/Climbing_System/Fiverr/ClimbingSystem 4.25/Content/AdvancedLocomotionV4/Environment/Meshes/Complex_Barrel_Broken.uasset" 568
"D:/Climbing_System/Fiverr/ClimbingSystem 4.25/Content/AdvancedLocomotionV4/Environment/Meshes/Complex_Bench.uasset" 569
"D:/Climbing_System/Fiverr/ClimbingSystem 4.25/Content/AdvancedLocomotionV4/Environment/Meshes/Complex_Cart.uasset" 570
"D:/Climbing_System/Fiverr/ClimbingSystem 4.25/Content/AdvancedLocomotionV4/Environment/Meshes/Complex_Crate.uasset" 571
"D:/Climbing_System/Fiverr/ClimbingSystem 4.25/Content/AdvancedLocomotionV4/Environment/Meshes/Complex_Crate_Broken.uasset" 572
"D:/Climbing_System/Fiverr/ClimbingSystem 4.25/Content/AdvancedLocomotionV4/Environment/Meshes/Complex_Fountain_01.uasset" 573
"D:/Climbing_System/Fiverr/ClimbingSystem 4.25/Content/AdvancedLocomotionV4/Environment/Meshes/Complex_Rock.uasset" 574
"D:/Climbing_System/Fiverr/ClimbingSystem 4.25/Content/AdvancedLocomotionV4/Environment/Meshes/Simple_Block_2x2.uasset" 575
"D:/Climbing_System/Fiverr/ClimbingSystem 4.25/Content/AdvancedLocomotionV4/Environment/Meshes/Simple_Floor_20x20.uasset" 576
"D:/Climbing_System/Fiverr/ClimbingSystem 4.25/Content/AdvancedLocomotionV4/Environment/Meshes/Simple_InfoWall_3x5.uasset" 577
"D:/Climbing_System/Fiverr/ClimbingSystem 4.25/Content/AdvancedLocomotionV4/Environment/Meshes/Simple_Pillar.uasset" 578
"D:/Climbing_System/Fiverr/ClimbingSystem 4.25/Content/AdvancedLocomotionV4/Environment/Meshes/Simple_TitleBoard.uasset" 579
"D:/Climbing_System/Fiverr/ClimbingSystem 4.25/Content/AdvancedLocomotionV4/Environment/Meshes/Simple_Wall_2x20.uasset" 580
"D:/Climbing_System/Fiverr/ClimbingSystem 4.25/Content/Climbing_System/Meshes/Ledge.uasset" 581
"D:/Climbing_System/Fiverr/ClimbingSystem 4.25/Content/Climbing_System/Meshes/Ledge_02.uasset" 582
"D:/Climbing_System/Fiverr/ClimbingSystem 4.25/Content/Climbing_System/Meshes/LEdge_04.uasset" 583
"D:/Climbing_System/Fiverr/ClimbingSystem 4.25/Content/Climbing_System/Meshes/Ledge_05.uasset" 584
"D:/Climbing_System/Fiverr/ClimbingSystem 4.25/Content/AdvancedLocomotionV4/Levels/ALS_DemoLevel.umap" 585
"../../../Engine/Content/Maps/Entry_BuiltData.uasset" 586
"../../../Engine/Content/Maps/Entry.umap" 587
